ePOS_SDK_Sample_Android/ePOS2_Printer/app/build/intermediates/manifest_merge_blame_file/debug/manifest-merger-blame-debug-report.txt
1<?xml version="1.0" encoding="utf-8"?>
2<manifest xmlns:android="http://schemas.android.com/apk/res/android"
3    package="com.epson.epos2_printer"
4    android:versionCode="1"
5    android:versionName="1.0" >
6
7    <uses-sdk
8        android:minSdkVersion="21"
9        android:targetSdkVersion="35" />
10
11    <uses-permission android:name="android.permission.INTERNET" />
11-->src\main\AndroidManifest.xml:4:5-66
11-->src\main\AndroidManifest.xml:4:22-64
12    <uses-permission android:name="android.permission.ACCESS_WIFI_STATE" />
12-->src\main\AndroidManifest.xml:6:5-75
12-->src\main\AndroidManifest.xml:6:22-73
13    <uses-permission android:name="android.permission.ACCESS_FINE_LOCATION" />
13-->src\main\AndroidManifest.xml:7:5-78
13-->src\main\AndroidManifest.xml:7:22-76
14    <uses-permission android:name="android.permission.ACCESS_COARSE_LOCATION" />
14-->src\main\AndroidManifest.xml:8:5-80
14-->src\main\AndroidManifest.xml:8:22-78
15    <uses-permission
15-->src\main\AndroidManifest.xml:10:5-11:57
16        android:name="android.permission.BLUETOOTH_SCAN"
16-->src\main\AndroidManifest.xml:10:22-70
17        android:usesPermissionFlags="neverForLocation" />
17-->src\main\AndroidManifest.xml:11:9-55
18    <uses-permission android:name="android.permission.BLUETOOTH_CONNECT" />
18-->src\main\AndroidManifest.xml:12:5-75
18-->src\main\AndroidManifest.xml:12:22-73
19
20    <!-- Legacy Bluetooth permissions for Android 11 and older -->
21    <uses-permission
21-->src\main\AndroidManifest.xml:15:5-16:37
22        android:name="android.permission.BLUETOOTH"
22-->src\main\AndroidManifest.xml:15:22-65
23        android:maxSdkVersion="30" />
23-->src\main\AndroidManifest.xml:16:9-35
24    <uses-permission
24-->src\main\AndroidManifest.xml:17:5-18:37
25        android:name="android.permission.BLUETOOTH_ADMIN"
25-->src\main\AndroidManifest.xml:17:22-71
26        android:maxSdkVersion="30" />
26-->src\main\AndroidManifest.xml:18:9-35
27
28    <application
28-->src\main\AndroidManifest.xml:20:5-61:19
29        android:allowBackup="true"
29-->src\main\AndroidManifest.xml:21:9-35
30        android:appComponentFactory="androidx.core.app.CoreComponentFactory"
30-->[androidx.core:core:1.2.0] AndroidManifest.xml:24:18-86
31        android:debuggable="true"
32        android:extractNativeLibs="true"
33        android:icon="@mipmap/ic_launcher"
33-->src\main\AndroidManifest.xml:22:9-43
34        android:label="@string/app_name"
34-->src\main\AndroidManifest.xml:24:9-41
35        android:networkSecurityConfig="@xml/network_security_config"
35-->src\main\AndroidManifest.xml:26:9-69
36        android:roundIcon="@mipmap/ic_launcher"
36-->src\main\AndroidManifest.xml:23:9-48
37        android:testOnly="true"
38        android:theme="@style/AppTheme" >
38-->src\main\AndroidManifest.xml:25:9-40
39        <activity android:name="com.epson.epos2_printer.SettingsActivity" />
39-->src\main\AndroidManifest.xml:28:9-54
39-->src\main\AndroidManifest.xml:28:19-51
40        <activity android:name="com.epson.epos2_printer.HelpActivity" />
40-->src\main\AndroidManifest.xml:29:9-50
40-->src\main\AndroidManifest.xml:29:19-47
41        <activity android:name="com.epson.epos2_printer.TicketsActivity" />
41-->src\main\AndroidManifest.xml:30:9-53
41-->src\main\AndroidManifest.xml:30:19-50
42        <activity
42-->src\main\AndroidManifest.xml:32:9-54:20
43            android:name="com.epson.epos2_printer.MainActivity"
43-->src\main\AndroidManifest.xml:33:13-41
44            android:exported="true"
44-->src\main\AndroidManifest.xml:36:13-36
45            android:label="@string/app_title"
45-->src\main\AndroidManifest.xml:34:13-46
46            android:screenOrientation="portrait" >
46-->src\main\AndroidManifest.xml:35:13-49
47            <intent-filter>
47-->src\main\AndroidManifest.xml:38:13-44:29
48                <action android:name="android.hardware.usb.action.USB_DEVICE_ATTACHED" />
48-->src\main\AndroidManifest.xml:39:17-90
48-->src\main\AndroidManifest.xml:39:25-87
49                <action android:name="android.hardware.usb.action.USB_ACCESSORY_ATTACHED" />
49-->src\main\AndroidManifest.xml:40:17-93
49-->src\main\AndroidManifest.xml:40:25-90
50                <action android:name="android.intent.action.MAIN" />
50-->src\main\AndroidManifest.xml:41:17-69
50-->src\main\AndroidManifest.xml:41:25-66
51
52                <category android:name="android.intent.category.LAUNCHER" />
52-->src\main\AndroidManifest.xml:43:17-77
52-->src\main\AndroidManifest.xml:43:27-74
53            </intent-filter>
54
55            <meta-data
55-->src\main\AndroidManifest.xml:46:13-48:57
56                android:name="android.hardware.usb.action.USB_DEVICE_ATTACHED"
56-->src\main\AndroidManifest.xml:47:17-79
57                android:resource="@xml/device_filter" />
57-->src\main\AndroidManifest.xml:48:17-54
58            <meta-data
58-->src\main\AndroidManifest.xml:50:13-52:60
59                android:name="android.hardware.usb.action.USB_ACCESSORY_ATTACHED"
59-->src\main\AndroidManifest.xml:51:17-82
60                android:resource="@xml/accessory_filter" />
60-->src\main\AndroidManifest.xml:52:17-57
61        </activity>
62        <activity
62-->src\main\AndroidManifest.xml:56:9-59:52
63            android:name="com.epson.epos2_printer.DiscoveryActivity"
63-->src\main\AndroidManifest.xml:57:13-46
64            android:label="@string/app_title"
64-->src\main\AndroidManifest.xml:58:13-46
65            android:screenOrientation="portrait" />
65-->src\main\AndroidManifest.xml:59:13-49
66        <activity
66-->[com.google.android.gms:play-services-base:18.5.0] AndroidManifest.xml:5:9-173
67            android:name="com.google.android.gms.common.api.GoogleApiActivity"
67-->[com.google.android.gms:play-services-base:18.5.0] AndroidManifest.xml:5:19-85
68            android:exported="false"
68-->[com.google.android.gms:play-services-base:18.5.0] AndroidManifest.xml:5:146-170
69            android:theme="@android:style/Theme.Translucent.NoTitleBar" />
69-->[com.google.android.gms:play-services-base:18.5.0] AndroidManifest.xml:5:86-145
70
71        <meta-data
71-->[com.google.android.gms:play-services-basement:18.4.0] AndroidManifest.xml:6:9-122
72            android:name="com.google.android.gms.version"
72-->[com.google.android.gms:play-services-basement:18.4.0] AndroidManifest.xml:6:20-65
73            android:value="@integer/google_play_services_version" />
73-->[com.google.android.gms:play-services-basement:18.4.0] AndroidManifest.xml:6:66-119
74    </application>
75
76</manifest>